#
# A fatal error has been detected by the Java Runtime Environment:
#
#  SIGILL (0x4) at pc=0x00007fcc69f60412, pid=16624, tid=140515932043008
#
# JRE version: Java(TM) SE Runtime Environment (8.0_60-b27) (build 1.8.0_60-b27)
# Java VM: Java HotSpot(TM) 64-Bit Server VM (25.60-b23 mixed mode linux-amd64 compressed oops)
# Problematic frame:
# C  [libpthread.so.0+0xc412]  pthread_cond_wait+0xc2
#
# Failed to write core dump. Core dumps have been disabled. To enable core dumping, try "ulimit -c unlimited" before starting Java again
#
# If you would like to submit a bug report, please visit:
#   http://bugreport.java.com/bugreport/crash.jsp
#

---------------  T H R E A D  ---------------

Current thread (0x00007fcc6400b000):  JavaThread "main" [_thread_blocked, id=16629, stack(0x00007fcc6a26f000,0x00007fcc6a370000)]

siginfo: si_signo: 4 (SIGILL), si_code: 0 (SI_USER), sent from pid: 29040 (uid: 1000)

Registers:
RAX=0x00000000000000ca, RBX=0x00007fcc6400c160, RCX=0xffffffffffffffff, RDX=0x0000000000000001
RSP=0x00007fcc6a36cf00, RBP=0x00007fcc6a36cfb0, RSI=0x0000000000000080, RDI=0x00007fcc6400c194
R8 =0x00007fcc6400c100, R9 =0x0000000000000000, R10=0x0000000000000000, R11=0x0000000000000246
R12=0x0000000000000000, R13=0x0000000000000000, R14=0x00007fcc6400b000, R15=0x00007fcc6400c168
RIP=0x00007fcc69f60412, EFLAGS=0x0000000000000246, CSGSFS=0x0000000000000033, ERR=0x0000000000000004
  TRAPNO=0x000000000000000e

Top of Stack: (sp=0x00007fcc6a36cf00)
0x00007fcc6a36cf00:   0000000000000000 00007fcc6400c190
0x00007fcc6a36cf10:   00007fcc6400c168 0000000000000000
0x00007fcc6a36cf20:   00007fcc6400b000 00007fcc690b607f
0x00007fcc6a36cf30:   0000000000000000 00007fcc6a36cf70
0x00007fcc6a36cf40:   00007fcc6400c350 000000026400b000
0x00007fcc6a36cf50:   00007fcc6a36d158 00007fcc5439c643
0x00007fcc6a36cf60:   00007fcc6402e7b0 00007fcc6400b000
0x00007fcc6a36cf70:   00007fcc6400b000 00000000ef337f70
0x00007fcc6a36cf80:   00000000ef337f70 0000000000000000
0x00007fcc6a36cf90:   00007fcc6400b000 00007fcc6400c040
0x00007fcc6a36cfa0:   0000000000000001 0000000000000000
0x00007fcc6a36cfb0:   00007fcc6a36d050 00007fcc6922a355
0x00007fcc6a36cfc0:   00007fcc525d5bb8 0000000500000000
0x00007fcc6a36cfd0:   0000000000000000 0000000000000000
0x00007fcc6a36cfe0:   0000000000000000 00007fcc54390c9d
0x00007fcc6a36cff0:   00007fcc6a36d040 00007fcc6903991e
0x00007fcc6a36d000:   00007fcc6400b000 00007fcc690396dc
0x00007fcc6a36d010:   00007fcc6400b000 00007fcc6a36d018
0x00007fcc6a36d020:   0000000000000000 00007fcc525d99d8
0x00007fcc6a36d030:   0000000000000000 00007fcc525d99d8
0x00007fcc6a36d040:   00007fcc6a36d0f8 00007fcc6400b000
0x00007fcc6a36d050:   00007fcc6a36d0c0 00007fcc54390794
0x00007fcc6a36d060:   00007fcc54384c4d 0000000000000000
0x00007fcc6a36d070:   00007fcc5438c578 00000000ef337f70
0x00007fcc6a36d080:   00007fcc6a36d080 0000000000000000
0x00007fcc6a36d090:   00007fcc6a36d0f8 00007fcc52604670
0x00007fcc6a36d0a0:   0000000000000000 00007fcc525d99d8
0x00007fcc6a36d0b0:   0000000000000000 00007fcc6a36d0e0
0x00007fcc6a36d0c0:   00007fcc6a36d140 00007fcc54384c4d
0x00007fcc6a36d0d0:   0000000000000000 00007fcc5438c578
0x00007fcc6a36d0e0:   0000000000000000 00007fcc54384c4d
0x00007fcc6a36d0f0:   0000000000000000 0000000083d22878 

Instructions: (pc=0x00007fcc69f60412)
0x00007fcc69f603f2:   00 00 00 0f 05 83 f8 00 41 0f 94 c0 74 14 83 f8
0x00007fcc69f60402:   da 75 0f be 80 00 00 00 45 30 c0 b8 ca 00 00 00
0x00007fcc69f60412:   0f 05 8b 3c 24 e8 64 2a 00 00 48 8b 7c 24 08 be
0x00007fcc69f60422:   01 00 00 00 31 c0 f0 0f b1 37 0f 85 e0 00 00 00 

Register to memory mapping:

RAX=0x00000000000000ca is an unknown value
RBX=0x00007fcc6400c160 is an unknown value
RCX=0xffffffffffffffff is an unknown value
RDX=0x0000000000000001 is an unknown value
RSP=0x00007fcc6a36cf00 is pointing into the stack for thread: 0x00007fcc6400b000
RBP=0x00007fcc6a36cfb0 is pointing into the stack for thread: 0x00007fcc6400b000
RSI=0x0000000000000080 is an unknown value
RDI=0x00007fcc6400c194 is an unknown value
R8 =0x00007fcc6400c100 is an unknown value
R9 =0x0000000000000000 is an unknown value
R10=0x0000000000000000 is an unknown value
R11=0x0000000000000246 is an unknown value
R12=0x0000000000000000 is an unknown value
R13=0x0000000000000000 is an unknown value
R14=0x00007fcc6400b000 is a thread
R15=0x00007fcc6400c168 is an unknown value


Stack: [0x00007fcc6a26f000,0x00007fcc6a370000],  sp=0x00007fcc6a36cf00,  free space=1015k
Native frames: (J=compiled Java code, j=interpreted, Vv=VM code, C=native code)
C  [libpthread.so.0+0xc412]  pthread_cond_wait+0xc2
V  [libjvm.so+0xa8f355]  Unsafe_Park+0xf5
j  sun.misc.Unsafe.park(ZJ)V+0
j  java.util.concurrent.locks.LockSupport.park(Ljava/lang/Object;)V+14
j  java.util.concurrent.locks.AbstractQueuedSynchronizer.parkAndCheckInterrupt()Z+1
j  java.util.concurrent.locks.AbstractQueuedSynchronizer.doAcquireSharedInterruptibly(I)V+72
j  java.util.concurrent.locks.AbstractQueuedSynchronizer.acquireSharedInterruptibly(I)V+24
j  java.util.concurrent.CountDownLatch.await()V+5
j  clojure.core$promise$reify__6779.deref()Ljava/lang/Object;+7
J 1985 C1 clojure.core$deref.invoke(Ljava/lang/Object;)Ljava/lang/Object; (40 bytes) @ 0x00007fcc5487ad04 [0x00007fcc5487ac20+0xe4]
j  sonar.core$eval15949.invoke()Ljava/lang/Object;+461
J 1230 C1 clojure.lang.Compiler.eval(Ljava/lang/Object;Z)Ljava/lang/Object; (393 bytes) @ 0x00007fcc546d622c [0x00007fcc546d47c0+0x1a6c]
j  clojure.lang.Compiler.eval(Ljava/lang/Object;Z)Ljava/lang/Object;+208
j  clojure.lang.Compiler.load(Ljava/io/Reader;Ljava/lang/String;Ljava/lang/String;)Ljava/lang/Object;+354
j  clojure.lang.Compiler.loadFile(Ljava/lang/String;)Ljava/lang/Object;+42
j  clojure.main$load_script.invoke(Ljava/lang/Object;)Ljava/lang/Object;+67
j  clojure.main$init_opt.invoke(Ljava/lang/Object;)Ljava/lang/Object;+12
j  clojure.main$initialize.invoke(Ljava/lang/Object;Ljava/lang/Object;)Ljava/lang/Object;+134
j  clojure.main$null_opt.invoke(Ljava/lang/Object;Ljava/lang/Object;)Ljava/lang/Object;+222
j  clojure.main$main.doInvoke(Ljava/lang/Object;)Ljava/lang/Object;+263
j  clojure.lang.RestFn.invoke(Ljava/lang/Object;Ljava/lang/Object;)Ljava/lang/Object;+60
j  clojure.lang.Var.invoke(Ljava/lang/Object;Ljava/lang/Object;)Ljava/lang/Object;+18
J 404 C1 clojure.lang.AFn.applyToHelper(Lclojure/lang/IFn;Lclojure/lang/ISeq;)Ljava/lang/Object; (3238 bytes) @ 0x00007fcc54534e7c [0x00007fcc54530b60+0x431c]
j  clojure.lang.Var.applyTo(Lclojure/lang/ISeq;)Ljava/lang/Object;+2
j  clojure.main.main([Ljava/lang/String;)V+17
v  ~StubRoutines::call_stub
V  [libjvm.so+0x68bbe6]  JavaCalls::call_helper(JavaValue*, methodHandle*, JavaCallArguments*, Thread*)+0x1056
V  [libjvm.so+0x6cd182]  jni_invoke_static(JNIEnv_*, JavaValue*, _jobject*, JNICallType, _jmethodID*, JNI_ArgumentPusher*, Thread*)+0x362
V  [libjvm.so+0x6e9b8a]  jni_CallStaticVoidMethod+0x17a
C  [libjli.so+0x7bcc]  JavaMain+0x80c
C  [libpthread.so.0+0x8182]  start_thread+0xc2

Java frames: (J=compiled Java code, j=interpreted, Vv=VM code)
j  sun.misc.Unsafe.park(ZJ)V+0
j  java.util.concurrent.locks.LockSupport.park(Ljava/lang/Object;)V+14
j  java.util.concurrent.locks.AbstractQueuedSynchronizer.parkAndCheckInterrupt()Z+1
j  java.util.concurrent.locks.AbstractQueuedSynchronizer.doAcquireSharedInterruptibly(I)V+72
j  java.util.concurrent.locks.AbstractQueuedSynchronizer.acquireSharedInterruptibly(I)V+24
j  java.util.concurrent.CountDownLatch.await()V+5
j  clojure.core$promise$reify__6779.deref()Ljava/lang/Object;+7
J 1985 C1 clojure.core$deref.invoke(Ljava/lang/Object;)Ljava/lang/Object; (40 bytes) @ 0x00007fcc5487ad04 [0x00007fcc5487ac20+0xe4]
j  sonar.core$eval15949.invoke()Ljava/lang/Object;+461
J 1230 C1 clojure.lang.Compiler.eval(Ljava/lang/Object;Z)Ljava/lang/Object; (393 bytes) @ 0x00007fcc546d622c [0x00007fcc546d47c0+0x1a6c]
j  clojure.lang.Compiler.eval(Ljava/lang/Object;Z)Ljava/lang/Object;+208
j  clojure.lang.Compiler.load(Ljava/io/Reader;Ljava/lang/String;Ljava/lang/String;)Ljava/lang/Object;+354
j  clojure.lang.Compiler.loadFile(Ljava/lang/String;)Ljava/lang/Object;+42
j  clojure.main$load_script.invoke(Ljava/lang/Object;)Ljava/lang/Object;+67
j  clojure.main$init_opt.invoke(Ljava/lang/Object;)Ljava/lang/Object;+12
j  clojure.main$initialize.invoke(Ljava/lang/Object;Ljava/lang/Object;)Ljava/lang/Object;+134
j  clojure.main$null_opt.invoke(Ljava/lang/Object;Ljava/lang/Object;)Ljava/lang/Object;+222
j  clojure.main$main.doInvoke(Ljava/lang/Object;)Ljava/lang/Object;+263
j  clojure.lang.RestFn.invoke(Ljava/lang/Object;Ljava/lang/Object;)Ljava/lang/Object;+60
j  clojure.lang.Var.invoke(Ljava/lang/Object;Ljava/lang/Object;)Ljava/lang/Object;+18
J 404 C1 clojure.lang.AFn.applyToHelper(Lclojure/lang/IFn;Lclojure/lang/ISeq;)Ljava/lang/Object; (3238 bytes) @ 0x00007fcc54534e7c [0x00007fcc54530b60+0x431c]
j  clojure.lang.Var.applyTo(Lclojure/lang/ISeq;)Ljava/lang/Object;+2
j  clojure.main.main([Ljava/lang/String;)V+17
v  ~StubRoutines::call_stub

---------------  P R O C E S S  ---------------

Java Threads: ( => current thread )
  0x00007fcbe4011800 JavaThread "client-worker-8" daemon [_thread_blocked, id=16665, stack(0x00007fcbf8f49000,0x00007fcbf904a000)]
  0x00007fcbe4010800 JavaThread "client-worker-7" daemon [_thread_blocked, id=16664, stack(0x00007fcbf904a000,0x00007fcbf914b000)]
  0x00007fcbe400e800 JavaThread "client-worker-6" daemon [_thread_blocked, id=16662, stack(0x00007fcbf914b000,0x00007fcbf924c000)]
  0x00007fcbe400d000 JavaThread "client-worker-5" daemon [_thread_blocked, id=16661, stack(0x00007fcbf924c000,0x00007fcbf934d000)]
  0x00007fcbe400b000 JavaThread "client-worker-4" daemon [_thread_blocked, id=16660, stack(0x00007fcbf934d000,0x00007fcbf944e000)]
  0x00007fcbe4009800 JavaThread "client-worker-3" daemon [_thread_blocked, id=16659, stack(0x00007fcbf944e000,0x00007fcbf954f000)]
  0x00007fcbe4008000 JavaThread "client-worker-2" daemon [_thread_blocked, id=16658, stack(0x00007fcbf954f000,0x00007fcbf9650000)]
  0x00007fcbe4006000 JavaThread "client-worker-1" daemon [_thread_blocked, id=16656, stack(0x00007fcbf9751000,0x00007fcbf9852000)]
  0x00007fcbe800a800 JavaThread "client-loop" daemon [_thread_in_native, id=16655, stack(0x00007fcbf9e76000,0x00007fcbf9f77000)]
  0x00007fcbf4171800 JavaThread "clojure-agent-send-off-pool-2" [_thread_in_native, id=16651, stack(0x00007fcbfa68b000,0x00007fcbfa78c000)]
  0x00007fcc640d6800 JavaThread "Service Thread" daemon [_thread_blocked, id=16646, stack(0x00007fcc1fafb000,0x00007fcc1fbfc000)]
  0x00007fcc640c9000 JavaThread "C1 CompilerThread3" daemon [_thread_blocked, id=16645, stack(0x00007fcc1fbfc000,0x00007fcc1fcfd000)]
  0x00007fcc640c7000 JavaThread "C2 CompilerThread2" daemon [_thread_blocked, id=16644, stack(0x00007fcc1fcfd000,0x00007fcc1fdfe000)]
  0x00007fcc640c5800 JavaThread "C2 CompilerThread1" daemon [_thread_blocked, id=16643, stack(0x00007fcc1fdfe000,0x00007fcc1feff000)]
  0x00007fcc640c2800 JavaThread "C2 CompilerThread0" daemon [_thread_blocked, id=16642, stack(0x00007fcc1feff000,0x00007fcc20000000)]
  0x00007fcc640c1000 JavaThread "Signal Dispatcher" daemon [_thread_blocked, id=16641, stack(0x00007fcc2c0df000,0x00007fcc2c1e0000)]
  0x00007fcc64088000 JavaThread "Finalizer" daemon [_thread_blocked, id=16640, stack(0x00007fcc5040c000,0x00007fcc5050d000)]
  0x00007fcc64085800 JavaThread "Reference Handler" daemon [_thread_blocked, id=16639, stack(0x00007fcc5050d000,0x00007fcc5060e000)]
=>0x00007fcc6400b000 JavaThread "main" [_thread_blocked, id=16629, stack(0x00007fcc6a26f000,0x00007fcc6a370000)]

Other Threads:
  0x00007fcc64080800 VMThread [stack: 0x00007fcc5060e000,0x00007fcc5070f000] [id=16638]
  0x00007fcc640d9000 WatcherThread [stack: 0x00007fcc1f9fa000,0x00007fcc1fafb000] [id=16647]

VM state:not at safepoint (normal execution)

VM Mutex/Monitor currently owned by a thread: None

Heap:
 PSYoungGen      total 645120K, used 281476K [0x00000000d6980000, 0x0000000100000000, 0x0000000100000000)
  eden space 617984K, 41% used [0x00000000d6980000,0x00000000e6444ef0,0x00000000fc500000)
  from space 27136K, 90% used [0x00000000fe580000,0x00000000ffd9c408,0x0000000100000000)
  to   space 30208K, 0% used [0x00000000fc500000,0x00000000fc500000,0x00000000fe280000)
 ParOldGen       total 147456K, used 55190K [0x0000000083c00000, 0x000000008cc00000, 0x00000000d6980000)
  object space 147456K, 37% used [0x0000000083c00000,0x00000000871e58b8,0x000000008cc00000)
 Metaspace       used 64527K, capacity 82268K, committed 82608K, reserved 1110016K
  class space    used 16732K, capacity 22597K, committed 22704K, reserved 1048576K

Card table byte_map: [0x00007fcc53bda000,0x00007fcc53fbd000] byte_map_base: 0x00007fcc537bc000

Marking Bits: (ParMarkBitMap*) 0x00007fcc69749de0
 Begin Bits: [0x00007fcc2c1e0000, 0x00007fcc2e0f0000)
 End Bits:   [0x00007fcc2e0f0000, 0x00007fcc30000000)

Polling page: 0x00007fcc6a391000

CodeCache: size=245760Kb used=12692Kb max_used=12692Kb free=233067Kb
 bounds [0x00007fcc5437d000, 0x00007fcc54fed000, 0x00007fcc6337d000]
 total_blobs=6096 nmethods=5647 adapters=362
 compilation: enabled

Compilation events (10 events):
Event: 2816,589 Thread 0x00007fcc640c9000 5692       1       java.lang.Long::equals (30 bytes)
Event: 2816,590 Thread 0x00007fcc640c9000 nmethod 5692 0x00007fcc54fde810 code [0x00007fcc54fde980, 0x00007fcc54fdeb30]
Event: 2816,597 Thread 0x00007fcc640c9000 5693       1       net.cgrand.enlive_html$predset::invoke (381 bytes)
Event: 2816,600 Thread 0x00007fcc640c9000 nmethod 5693 0x00007fcc54fdebd0 code [0x00007fcc54fdf040, 0x00007fcc54fe0808]
Event: 2852,378 Thread 0x00007fcc640c9000 5696       1       net.cgrand.enlive_html$states$fn__369::invoke (290 bytes)
Event: 2852,381 Thread 0x00007fcc640c9000 nmethod 5696 0x00007fcc54fe1ad0 code [0x00007fcc54fe1d60, 0x00007fcc54fe25e8]
Event: 2852,381 Thread 0x00007fcc640c9000 5694       1       net.cgrand.enlive_html$states::invoke (14 bytes)
Event: 2852,381 Thread 0x00007fcc640c9000 nmethod 5694 0x00007fcc54fe2ed0 code [0x00007fcc54fe3020, 0x00007fcc54fe31b0]
Event: 2852,381 Thread 0x00007fcc640c9000 5695       1       net.cgrand.enlive_html$states$fn__369::<init> (15 bytes)
Event: 2852,381 Thread 0x00007fcc640c9000 nmethod 5695 0x00007fcc54fe3250 code [0x00007fcc54fe33a0, 0x00007fcc54fe34d0]

GC Heap History (10 events):
Event: 5,091 GC heap before
{Heap before GC invocations=15 (full 2):
 PSYoungGen      total 565760K, used 553472K [0x00000000d6980000, 0x00000000fcc80000, 0x0000000100000000)
  eden space 553472K, 100% used [0x00000000d6980000,0x00000000f8600000,0x00000000f8600000)
  from space 12288K, 0% used [0x00000000f9180000,0x00000000f9180000,0x00000000f9d80000)
  to   space 11776K, 0% used [0x00000000f8600000,0x00000000f8600000,0x00000000f9180000)
 ParOldGen       total 98816K, used 32681K [0x0000000083c00000, 0x0000000089c80000, 0x00000000d6980000)
  object space 98816K, 33% used [0x0000000083c00000,0x0000000085bea5a8,0x0000000089c80000)
 Metaspace       used 33888K, capacity 43150K, committed 43312K, reserved 1081344K
  class space    used 8594K, capacity 11963K, committed 12080K, reserved 1048576K
Event: 5,130 GC heap after
Heap after GC invocations=15 (full 2):
 PSYoungGen      total 565248K, used 11772K [0x00000000d6980000, 0x0000000100000000, 0x0000000100000000)
  eden space 553472K, 0% used [0x00000000d6980000,0x00000000d6980000,0x00000000f8600000)
  from space 11776K, 99% used [0x00000000f8600000,0x00000000f917f298,0x00000000f9180000)
  to   space 19456K, 0% used [0x00000000fed00000,0x00000000fed00000,0x0000000100000000)
 ParOldGen       total 98816K, used 50026K [0x0000000083c00000, 0x0000000089c80000, 0x00000000d6980000)
  object space 98816K, 50% used [0x0000000083c00000,0x0000000086cdabe0,0x0000000089c80000)
 Metaspace       used 33888K, capacity 43150K, committed 43312K, reserved 1081344K
  class space    used 8594K, capacity 11963K, committed 12080K, reserved 1048576K
}
Event: 5,918 GC heap before
{Heap before GC invocations=16 (full 2):
 PSYoungGen      total 565248K, used 565244K [0x00000000d6980000, 0x0000000100000000, 0x0000000100000000)
  eden space 553472K, 100% used [0x00000000d6980000,0x00000000f8600000,0x00000000f8600000)
  from space 11776K, 99% used [0x00000000f8600000,0x00000000f917f298,0x00000000f9180000)
  to   space 19456K, 0% used [0x00000000fed00000,0x00000000fed00000,0x0000000100000000)
 ParOldGen       total 98816K, used 50026K [0x0000000083c00000, 0x0000000089c80000, 0x00000000d6980000)
  object space 98816K, 50% used [0x0000000083c00000,0x0000000086cdabe0,0x0000000089c80000)
 Metaspace       used 37291K, capacity 48746K, committed 48944K, reserved 1085440K
  class space    used 9750K, capacity 13779K, committed 13872K, reserved 1048576K
Event: 5,963 GC heap after
Heap after GC invocations=16 (full 2):
 PSYoungGen      total 643584K, used 19434K [0x00000000d6980000, 0x0000000100000000, 0x0000000100000000)
  eden space 624128K, 0% used [0x00000000d6980000,0x00000000d6980000,0x00000000fcb00000)
  from space 19456K, 99% used [0x00000000fed00000,0x00000000ffffaac8,0x0000000100000000)
  to   space 27136K, 0% used [0x00000000fcb00000,0x00000000fcb00000,0x00000000fe580000)
 ParOldGen       total 98816K, used 63109K [0x0000000083c00000, 0x0000000089c80000, 0x00000000d6980000)
  object space 98816K, 63% used [0x0000000083c00000,0x00000000879a1718,0x0000000089c80000)
 Metaspace       used 37291K, capacity 48746K, committed 48944K, reserved 1085440K
  class space    used 9750K, capacity 13779K, committed 13872K, reserved 1048576K
}
Event: 7,335 GC heap before
{Heap before GC invocations=17 (full 2):
 PSYoungGen      total 643584K, used 378167K [0x00000000d6980000, 0x0000000100000000, 0x0000000100000000)
  eden space 624128K, 57% used [0x00000000d6980000,0x00000000ec7d3448,0x00000000fcb00000)
  from space 19456K, 99% used [0x00000000fed00000,0x00000000ffffaac8,0x0000000100000000)
  to   space 27136K, 0% used [0x00000000fcb00000,0x00000000fcb00000,0x00000000fe580000)
 ParOldGen       total 98816K, used 63109K [0x0000000083c00000, 0x0000000089c80000, 0x00000000d6980000)
  object space 98816K, 63% used [0x0000000083c00000,0x00000000879a1718,0x0000000089c80000)
 Metaspace       used 45325K, capacity 59063K, committed 59160K, reserved 1091584K
  class space    used 12122K, capacity 16811K, committed 16816K, reserved 1048576K
Event: 7,366 GC heap after
Heap after GC invocations=17 (full 2):
 PSYoungGen      total 651264K, used 15280K [0x00000000d6980000, 0x0000000100000000, 0x0000000100000000)
  eden space 624128K, 0% used [0x00000000d6980000,0x00000000d6980000,0x00000000fcb00000)
  from space 27136K, 56% used [0x00000000fcb00000,0x00000000fd9ec000,0x00000000fe580000)
  to   space 27136K, 0% used [0x00000000fe580000,0x00000000fe580000,0x0000000100000000)
 ParOldGen       total 98816K, used 68235K [0x0000000083c00000, 0x0000000089c80000, 0x00000000d6980000)
  object space 98816K, 69% used [0x0000000083c00000,0x0000000087ea2ca0,0x0000000089c80000)
 Metaspace       used 45325K, capacity 59063K, committed 59160K, reserved 1091584K
  class space    used 12122K, capacity 16811K, committed 16816K, reserved 1048576K
}
Event: 7,366 GC heap before
{Heap before GC invocations=18 (full 3):
 PSYoungGen      total 651264K, used 15280K [0x00000000d6980000, 0x0000000100000000, 0x0000000100000000)
  eden space 624128K, 0% used [0x00000000d6980000,0x00000000d6980000,0x00000000fcb00000)
  from space 27136K, 56% used [0x00000000fcb00000,0x00000000fd9ec000,0x00000000fe580000)
  to   space 27136K, 0% used [0x00000000fe580000,0x00000000fe580000,0x0000000100000000)
 ParOldGen       total 98816K, used 68235K [0x0000000083c00000, 0x0000000089c80000, 0x00000000d6980000)
  object space 98816K, 69% used [0x0000000083c00000,0x0000000087ea2ca0,0x0000000089c80000)
 Metaspace       used 45325K, capacity 59063K, committed 59160K, reserved 1091584K
  class space    used 12122K, capacity 16811K, committed 16816K, reserved 1048576K
Event: 7,647 GC heap after
Heap after GC invocations=18 (full 3):
 PSYoungGen      total 651264K, used 0K [0x00000000d6980000, 0x0000000100000000, 0x0000000100000000)
  eden space 624128K, 0% used [0x00000000d6980000,0x00000000d6980000,0x00000000fcb00000)
  from space 27136K, 0% used [0x00000000fcb00000,0x00000000fcb00000,0x00000000fe580000)
  to   space 27136K, 0% used [0x00000000fe580000,0x00000000fe580000,0x0000000100000000)
 ParOldGen       total 147456K, used 55166K [0x0000000083c00000, 0x000000008cc00000, 0x00000000d6980000)
  object space 147456K, 37% used [0x0000000083c00000,0x00000000871df8b8,0x000000008cc00000)
 Metaspace       used 45317K, capacity 59051K, committed 59160K, reserved 1091584K
  class space    used 12119K, capacity 16807K, committed 16816K, reserved 1048576K
}
Event: 13,400 GC heap before
{Heap before GC invocations=19 (full 3):
 PSYoungGen      total 651264K, used 624128K [0x00000000d6980000, 0x0000000100000000, 0x0000000100000000)
  eden space 624128K, 100% used [0x00000000d6980000,0x00000000fcb00000,0x00000000fcb00000)
  from space 27136K, 0% used [0x00000000fcb00000,0x00000000fcb00000,0x00000000fe580000)
  to   space 27136K, 0% used [0x00000000fe580000,0x00000000fe580000,0x0000000100000000)
 ParOldGen       total 147456K, used 55166K [0x0000000083c00000, 0x000000008cc00000, 0x00000000d6980000)
  object space 147456K, 37% used [0x0000000083c00000,0x00000000871df8b8,0x000000008cc00000)
 Metaspace       used 64248K, capacity 81718K, committed 81968K, reserved 1107968K
  class space    used 16662K, capacity 22512K, committed 22576K, reserved 1048576K
Event: 13,423 GC heap after
Heap after GC invocations=19 (full 3):
 PSYoungGen      total 645120K, used 24689K [0x00000000d6980000, 0x0000000100000000, 0x0000000100000000)
  eden space 617984K, 0% used [0x00000000d6980000,0x00000000d6980000,0x00000000fc500000)
  from space 27136K, 90% used [0x00000000fe580000,0x00000000ffd9c408,0x0000000100000000)
  to   space 30208K, 0% used [0x00000000fc500000,0x00000000fc500000,0x00000000fe280000)
 ParOldGen       total 147456K, used 55190K [0x0000000083c00000, 0x000000008cc00000, 0x00000000d6980000)
  object space 147456K, 37% used [0x0000000083c00000,0x00000000871e58b8,0x000000008cc00000)
 Metaspace       used 64248K, capacity 81718K, committed 81968K, reserved 1107968K
  class space    used 16662K, capacity 22512K, committed 22576K, reserved 1048576K
}

Deoptimization events (0 events):
No events

Internal exceptions (10 events):
Event: 1405,519 Thread 0x00007fcc00006000 Exception <a 'java/lang/ClassNotFoundException': > (0x00000000e3076730) thrown at [/HUDSON/workspace/8-2-build-linux-amd64/jdk8u60/4407/hotspot/src/share/vm/prims/jni.cpp, line 735]
Event: 1405,519 Thread 0x00007fcc00006000 Exception <a 'java/lang/ClassNotFoundException': > (0x00000000e3077408) thrown at [/HUDSON/workspace/8-2-build-linux-amd64/jdk8u60/4407/hotspot/src/share/vm/prims/jni.cpp, line 735]
Event: 1405,519 Thread 0x00007fcc00006000 Exception <a 'java/lang/ClassNotFoundException': > (0x00000000e3077e70) thrown at [/HUDSON/workspace/8-2-build-linux-amd64/jdk8u60/4407/hotspot/src/share/vm/prims/jni.cpp, line 735]
Event: 1405,519 Thread 0x00007fcc00006000 Exception <a 'java/lang/ClassNotFoundException': > (0x00000000e3078b48) thrown at [/HUDSON/workspace/8-2-build-linux-amd64/jdk8u60/4407/hotspot/src/share/vm/prims/jni.cpp, line 735]
Event: 1405,519 Thread 0x00007fcc00006000 Exception <a 'java/lang/ClassNotFoundException': > (0x00000000e30794a0) thrown at [/HUDSON/workspace/8-2-build-linux-amd64/jdk8u60/4407/hotspot/src/share/vm/prims/jni.cpp, line 735]
Event: 1405,519 Thread 0x00007fcc00006000 Exception <a 'java/lang/ClassNotFoundException': > (0x00000000e307a068) thrown at [/HUDSON/workspace/8-2-build-linux-amd64/jdk8u60/4407/hotspot/src/share/vm/prims/jni.cpp, line 735]
Event: 1405,519 Thread 0x00007fcc00006000 Exception <a 'java/lang/ClassNotFoundException': > (0x00000000e307a860) thrown at [/HUDSON/workspace/8-2-build-linux-amd64/jdk8u60/4407/hotspot/src/share/vm/prims/jni.cpp, line 735]
Event: 1405,519 Thread 0x00007fcc00006000 Exception <a 'java/lang/ClassNotFoundException': > (0x00000000e307b058) thrown at [/HUDSON/workspace/8-2-build-linux-amd64/jdk8u60/4407/hotspot/src/share/vm/prims/jni.cpp, line 735]
Event: 1405,519 Thread 0x00007fcc00006000 Exception <a 'java/lang/ClassNotFoundException': > (0x00000000e307bbf8) thrown at [/HUDSON/workspace/8-2-build-linux-amd64/jdk8u60/4407/hotspot/src/share/vm/prims/jni.cpp, line 735]
Event: 1405,520 Thread 0x00007fcc00006000 Exception <a 'java/lang/ClassNotFoundException': > (0x00000000e307c660) thrown at [/HUDSON/workspace/8-2-build-linux-amd64/jdk8u60/4407/hotspot/src/share/vm/prims/jni.cpp, line 735]

Events (10 events):
Event: 2890,052 Executing VM operation: RevokeBias
Event: 2890,052 Executing VM operation: RevokeBias done
Event: 2890,052 Thread 0x00007fcbe803b000 Thread exited: 0x00007fcbe803b000
Event: 2919,998 Executing VM operation: RevokeBias
Event: 2919,999 Executing VM operation: RevokeBias done
Event: 2919,999 Thread 0x00007fcc00006000 Thread exited: 0x00007fcc00006000
Event: 5746,697 loading class sun/net/ResourceManager
Event: 5746,729 loading class sun/net/ResourceManager done
Event: 5806,688 Thread 0x00007fcc64d0e800 Thread exited: 0x00007fcc64d0e800
Event: 5806,729 Thread 0x00007fcc64d0c000 Thread exited: 0x00007fcc64d0c000


Dynamic libraries:
00400000-00401000 r-xp 00000000 08:17 936075                             /usr/lib/jvm/java-8-oracle/jre/bin/java
00600000-00601000 rw-p 00000000 08:17 936075                             /usr/lib/jvm/java-8-oracle/jre/bin/java
00ed6000-00ef7000 rw-p 00000000 00:00 0                                  [heap]
83c00000-8cc00000 rw-p 00000000 00:00 0 
8cc00000-d6980000 ---p 00000000 00:00 0 
d6980000-100000000 rw-p 00000000 00:00 0 
100000000-10162c000 rw-p 00000000 00:00 0 
10162c000-140000000 ---p 00000000 00:00 0 
7fcbb8000000-7fcbb8021000 rw-p 00000000 00:00 0 
7fcbb8021000-7fcbbc000000 ---p 00000000 00:00 0 
7fcbbc000000-7fcbbc021000 rw-p 00000000 00:00 0 
7fcbbc021000-7fcbc0000000 ---p 00000000 00:00 0 
7fcbc0000000-7fcbc0021000 rw-p 00000000 00:00 0 
7fcbc0021000-7fcbc4000000 ---p 00000000 00:00 0 
7fcbc4000000-7fcbc4021000 rw-p 00000000 00:00 0 
7fcbc4021000-7fcbc8000000 ---p 00000000 00:00 0 
7fcbc8000000-7fcbc8021000 rw-p 00000000 00:00 0 
7fcbc8021000-7fcbcc000000 ---p 00000000 00:00 0 
7fcbcc000000-7fcbcc021000 rw-p 00000000 00:00 0 
7fcbcc021000-7fcbd0000000 ---p 00000000 00:00 0 
7fcbd0000000-7fcbd0021000 rw-p 00000000 00:00 0 
7fcbd0021000-7fcbd4000000 ---p 00000000 00:00 0 
7fcbd4000000-7fcbd4021000 rw-p 00000000 00:00 0 
7fcbd4021000-7fcbd8000000 ---p 00000000 00:00 0 
7fcbd8000000-7fcbd8021000 rw-p 00000000 00:00 0 
7fcbd8021000-7fcbdc000000 ---p 00000000 00:00 0 
7fcbdc000000-7fcbdc09c000 rw-p 00000000 00:00 0 
7fcbdc09c000-7fcbe0000000 ---p 00000000 00:00 0 
7fcbe0000000-7fcbe00a8000 rw-p 00000000 00:00 0 
7fcbe00a8000-7fcbe4000000 ---p 00000000 00:00 0 
7fcbe4000000-7fcbe4021000 rw-p 00000000 00:00 0 
7fcbe4021000-7fcbe8000000 ---p 00000000 00:00 0 
7fcbe8000000-7fcbe807d000 rw-p 00000000 00:00 0 
7fcbe807d000-7fcbec000000 ---p 00000000 00:00 0 
7fcbec000000-7fcbec052000 rw-p 00000000 00:00 0 
7fcbec052000-7fcbf0000000 ---p 00000000 00:00 0 
7fcbf0000000-7fcbf0021000 rw-p 00000000 00:00 0 
7fcbf0021000-7fcbf4000000 ---p 00000000 00:00 0 
7fcbf4000000-7fcbf43ba000 rw-p 00000000 00:00 0 
7fcbf43ba000-7fcbf8000000 ---p 00000000 00:00 0 
7fcbf8c48000-7fcbf8cc8000 rw-p 00000000 00:00 0 
7fcbf8cc8000-7fcbf8e4b000 ---p 00000000 00:00 0 
7fcbf8e4b000-7fcbf8f49000 rw-p 00000000 00:00 0 
7fcbf8f49000-7fcbf8f4c000 ---p 00000000 00:00 0 
7fcbf8f4c000-7fcbf904a000 rw-p 00000000 00:00 0                          [stack:16665]
7fcbf904a000-7fcbf904d000 ---p 00000000 00:00 0 
7fcbf904d000-7fcbf914b000 rw-p 00000000 00:00 0                          [stack:16664]
7fcbf914b000-7fcbf914e000 ---p 00000000 00:00 0 
7fcbf914e000-7fcbf924c000 rw-p 00000000 00:00 0                          [stack:16662]
7fcbf924c000-7fcbf924f000 ---p 00000000 00:00 0 
7fcbf924f000-7fcbf934d000 rw-p 00000000 00:00 0                          [stack:16661]
7fcbf934d000-7fcbf9350000 ---p 00000000 00:00 0 
7fcbf9350000-7fcbf944e000 rw-p 00000000 00:00 0                          [stack:16660]
7fcbf944e000-7fcbf9451000 ---p 00000000 00:00 0 
7fcbf9451000-7fcbf954f000 rw-p 00000000 00:00 0                          [stack:16659]
7fcbf954f000-7fcbf9552000 ---p 00000000 00:00 0 
7fcbf9552000-7fcbf9650000 rw-p 00000000 00:00 0                          [stack:16658]
7fcbf9650000-7fcbf9653000 ---p 00000000 00:00 0 
7fcbf9653000-7fcbf9751000 rw-p 00000000 00:00 0 
7fcbf9751000-7fcbf9754000 ---p 00000000 00:00 0 
7fcbf9754000-7fcbf9852000 rw-p 00000000 00:00 0                          [stack:16656]
7fcbf9852000-7fcbf9869000 r-xp 00000000 08:17 13373584                   /lib/x86_64-linux-gnu/libresolv-2.19.so
7fcbf9869000-7fcbf9a69000 ---p 00017000 08:17 13373584                   /lib/x86_64-linux-gnu/libresolv-2.19.so
7fcbf9a69000-7fcbf9a6a000 r--p 00017000 08:17 13373584                   /lib/x86_64-linux-gnu/libresolv-2.19.so
7fcbf9a6a000-7fcbf9a6b000 rw-p 00018000 08:17 13373584                   /lib/x86_64-linux-gnu/libresolv-2.19.so
7fcbf9a6b000-7fcbf9a6d000 rw-p 00000000 00:00 0 
7fcbf9a6d000-7fcbf9a72000 r-xp 00000000 08:17 13373531                   /lib/x86_64-linux-gnu/libnss_dns-2.19.so
7fcbf9a72000-7fcbf9c71000 ---p 00005000 08:17 13373531                   /lib/x86_64-linux-gnu/libnss_dns-2.19.so
7fcbf9c71000-7fcbf9c72000 r--p 00004000 08:17 13373531                   /lib/x86_64-linux-gnu/libnss_dns-2.19.so
7fcbf9c72000-7fcbf9c73000 rw-p 00005000 08:17 13373531                   /lib/x86_64-linux-gnu/libnss_dns-2.19.so
7fcbf9c73000-7fcbf9c75000 r-xp 00000000 08:17 13373539                   /lib/x86_64-linux-gnu/libnss_mdns4_minimal.so.2
7fcbf9c75000-7fcbf9e74000 ---p 00002000 08:17 13373539                   /lib/x86_64-linux-gnu/libnss_mdns4_minimal.so.2
7fcbf9e74000-7fcbf9e75000 r--p 00001000 08:17 13373539                   /lib/x86_64-linux-gnu/libnss_mdns4_minimal.so.2
7fcbf9e75000-7fcbf9e76000 rw-p 00002000 08:17 13373539                   /lib/x86_64-linux-gnu/libnss_mdns4_minimal.so.2
7fcbf9e76000-7fcbf9e79000 ---p 00000000 00:00 0 
7fcbf9e79000-7fcbf9f77000 rw-p 00000000 00:00 0                          [stack:16655]
7fcbf9f77000-7fcbf9f88000 r-xp 00000000 08:17 935839                     /usr/lib/jvm/java-8-oracle/jre/lib/amd64/libnio.so
7fcbf9f88000-7fcbfa187000 ---p 00011000 08:17 935839                     /usr/lib/jvm/java-8-oracle/jre/lib/amd64/libnio.so
7fcbfa187000-7fcbfa188000 rw-p 00010000 08:17 935839                     /usr/lib/jvm/java-8-oracle/jre/lib/amd64/libnio.so
7fcbfa188000-7fcbfa18b000 ---p 00000000 00:00 0 
7fcbfa18b000-7fcbfa289000 rw-p 00000000 00:00 0 
7fcbfa289000-7fcbfa28c000 ---p 00000000 00:00 0 
7fcbfa28c000-7fcbfa58a000 rw-p 00000000 00:00 0 
7fcbfa58a000-7fcbfa58d000 ---p 00000000 00:00 0 
7fcbfa58d000-7fcbfa68b000 rw-p 00000000 00:00 0 
7fcbfa68b000-7fcbfa68e000 ---p 00000000 00:00 0 
7fcbfa68e000-7fcbfa78c000 rw-p 00000000 00:00 0                          [stack:16651]
7fcbfa78c000-7fcbfa7a2000 r-xp 00000000 08:17 935810                     /usr/lib/jvm/java-8-oracle/jre/lib/amd64/libnet.so
7fcbfa7a2000-7fcbfa9a2000 ---p 00016000 08:17 935810                     /usr/lib/jvm/java-8-oracle/jre/lib/amd64/libnet.so
7fcbfa9a2000-7fcbfa9a3000 rw-p 00016000 08:17 935810                     /usr/lib/jvm/java-8-oracle/jre/lib/amd64/libnet.so
7fcbfa9a3000-7fcbfaba3000 rw-p 00000000 00:00 0 
7fcbfaba3000-7fcbfada3000 rw-p 00000000 00:00 0 
7fcbfada3000-7fcbfafa3000 rw-p 00000000 00:00 0 
7fcbfafa3000-7fcbfafb9000 r-xp 00000000 08:17 13373484                   /lib/x86_64-linux-gnu/libgcc_s.so.1
7fcbfafb9000-7fcbfb1b8000 ---p 00016000 08:17 13373484                   /lib/x86_64-linux-gnu/libgcc_s.so.1
7fcbfb1b8000-7fcbfb1b9000 rw-p 00015000 08:17 13373484                   /lib/x86_64-linux-gnu/libgcc_s.so.1
7fcbfb1b9000-7fcbfb1eb000 r-xp 00000000 08:17 935857                     /usr/lib/jvm/java-8-oracle/jre/lib/amd64/libsunec.so
7fcbfb1eb000-7fcbfb3ea000 ---p 00032000 08:17 935857                     /usr/lib/jvm/java-8-oracle/jre/lib/amd64/libsunec.so
7fcbfb3ea000-7fcbfb3f0000 rw-p 00031000 08:17 935857                     /usr/lib/jvm/java-8-oracle/jre/lib/amd64/libsunec.so
7fcbfb3f0000-7fcbfb600000 rw-p 00000000 00:00 0 
7fcbfb600000-7fcbfb800000 rw-p 00000000 00:00 0 
7fcbfb800000-7fcbfba00000 rw-p 00000000 00:00 0 
7fcbfba00000-7fcbfbc00000 rw-p 00000000 00:00 0 
7fcbfbc00000-7fcbfbe00000 rw-p 00000000 00:00 0 
7fcbfbe00000-7fcbfc000000 rw-p 00000000 00:00 0 
7fcbfc000000-7fcbfc021000 rw-p 00000000 00:00 0 
7fcbfc021000-7fcc00000000 ---p 00000000 00:00 0 
7fcc00000000-7fcc000d2000 rw-p 00000000 00:00 0 
7fcc000d2000-7fcc04000000 ---p 00000000 00:00 0 
7fcc04000000-7fcc04586000 rw-p 00000000 00:00 0 
7fcc04586000-7fcc08000000 ---p 00000000 00:00 0 
7fcc08000000-7fcc08021000 rw-p 00000000 00:00 0 
7fcc08021000-7fcc0c000000 ---p 00000000 00:00 0 
7fcc0c000000-7fcc0c021000 rw-p 00000000 00:00 0 
7fcc0c021000-7fcc10000000 ---p 00000000 00:00 0 
7fcc10000000-7fcc10021000 rw-p 00000000 00:00 0 
7fcc10021000-7fcc14000000 ---p 00000000 00:00 0 
7fcc14000000-7fcc1405e000 rw-p 00000000 00:00 0 
7fcc1405e000-7fcc18000000 ---p 00000000 00:00 0 
7fcc18000000-7fcc18021000 rw-p 00000000 00:00 0 
7fcc18021000-7fcc1c000000 ---p 00000000 00:00 0 
7fcc1c09e000-7fcc1c134000 r--s 01107000 08:17 935929                     /usr/lib/jvm/java-8-oracle/jre/lib/ext/jfxrt.jar
7fcc1c134000-7fcc1c1fc000 r--s 00a85000 08:17 7995650                    /tmp/lein-standalone7288285156329175851.jar
7fcc1c1fc000-7fcc1c3fc000 rw-p 00000000 00:00 0 
7fcc1c3fc000-7fcc1c5fc000 rw-p 00000000 00:00 0 
7fcc1c5fc000-7fcc1c7fc000 rw-p 00000000 00:00 0 
7fcc1c7fc000-7fcc1c9fc000 rw-p 00000000 00:00 0 
7fcc1c9fc000-7fcc1cbfc000 rw-p 00000000 00:00 0 
7fcc1cbfc000-7fcc1cdfc000 rw-p 00000000 00:00 0 
7fcc1cdfc000-7fcc1ce01000 r-xp 00000000 08:17 13246515                   /usr/lib/x86_64-linux-gnu/libXdmcp.so.6.0.0
7fcc1ce01000-7fcc1d000000 ---p 00005000 08:17 13246515                   /usr/lib/x86_64-linux-gnu/libXdmcp.so.6.0.0
7fcc1d000000-7fcc1d001000 r--p 00004000 08:17 13246515                   /usr/lib/x86_64-linux-gnu/libXdmcp.so.6.0.0
7fcc1d001000-7fcc1d002000 rw-p 00005000 08:17 13246515                   /usr/lib/x86_64-linux-gnu/libXdmcp.so.6.0.0
7fcc1d002000-7fcc1d004000 r-xp 00000000 08:17 13246504                   /usr/lib/x86_64-linux-gnu/libXau.so.6.0.0
7fcc1d004000-7fcc1d204000 ---p 00002000 08:17 13246504                   /usr/lib/x86_64-linux-gnu/libXau.so.6.0.0
7fcc1d204000-7fcc1d205000 r--p 00002000 08:17 13246504                   /usr/lib/x86_64-linux-gnu/libXau.so.6.0.0
7fcc1d205000-7fcc1d206000 rw-p 00003000 08:17 13246504                   /usr/lib/x86_64-linux-gnu/libXau.so.6.0.0
7fcc1d206000-7fcc1d223000 r-xp 00000000 08:17 13247463                   /usr/lib/x86_64-linux-gnu/libxcb.so.1.1.0
7fcc1d223000-7fcc1d423000 ---p 0001d000 08:17 13247463                   /usr/lib/x86_64-linux-gnu/libxcb.so.1.1.0
7fcc1d423000-7fcc1d424000 r--p 0001d000 08:17 13247463                   /usr/lib/x86_64-linux-gnu/libxcb.so.1.1.0
7fcc1d424000-7fcc1d425000 rw-p 0001e000 08:17 13247463                   /usr/lib/x86_64-linux-gnu/libxcb.so.1.1.0
7fcc1d425000-7fcc1d434000 r-xp 00000000 08:17 13246525                   /usr/lib/x86_64-linux-gnu/libXi.so.6.1.0
7fcc1d434000-7fcc1d633000 ---p 0000f000 08:17 13246525                   /usr/lib/x86_64-linux-gnu/libXi.so.6.1.0
7fcc1d633000-7fcc1d634000 r--p 0000e000 08:17 13246525                   /usr/lib/x86_64-linux-gnu/libXi.so.6.1.0
7fcc1d634000-7fcc1d635000 rw-p 0000f000 08:17 13246525                   /usr/lib/x86_64-linux-gnu/libXi.so.6.1.0
7fcc1d635000-7fcc1d63a000 r-xp 00000000 08:17 13246545                   /usr/lib/x86_64-linux-gnu/libXtst.so.6.1.0
7fcc1d63a000-7fcc1d839000 ---p 00005000 08:17 13246545                   /usr/lib/x86_64-linux-gnu/libXtst.so.6.1.0
7fcc1d839000-7fcc1d83a000 r--p 00004000 08:17 13246545                   /usr/lib/x86_64-linux-gnu/libXtst.so.6.1.0
7fcc1d83a000-7fcc1d83b000 rw-p 00005000 08:17 13246545                   /usr/lib/x86_64-linux-gnu/libXtst.so.6.1.0
7fcc1d83b000-7fcc1d844000 r-xp 00000000 08:17 13246539                   /usr/lib/x86_64-linux-gnu/libXrender.so.1.3.0
7fcc1d844000-7fcc1da43000 ---p 00009000 08:17 13246539                   /usr/lib/x86_64-linux-gnu/libXrender.so.1.3.0
7fcc1da43000-7fcc1da44000 r--p 00008000 08:17 13246539                   /usr/lib/x86_64-linux-gnu/libXrender.so.1.3.0
7fcc1da44000-7fcc1da45000 rw-p 00009000 08:17 13246539                   /usr/lib/x86_64-linux-gnu/libXrender.so.1.3.0
7fcc1da45000-7fcc1db75000 r-xp 00000000 08:17 13246502                   /usr/lib/x86_64-linux-gnu/libX11.so.6.3.0
7fcc1db75000-7fcc1dd75000 ---p 00130000 08:17 13246502                   /usr/lib/x86_64-linux-gnu/libX11.so.6.3.0
7fcc1dd75000-7fcc1dd76000 r--p 00130000 08:17 13246502                   /usr/lib/x86_64-linux-gnu/libX11.so.6.3.0
7fcc1dd76000-7fcc1dd7a000 rw-p 00131000 08:17 13246502                   /usr/lib/x86_64-linux-gnu/libX11.so.6.3.0
7fcc1dd7a000-7fcc1dd8b000 r-xp 00000000 08:17 13246517                   /usr/lib/x86_64-linux-gnu/libXext.so.6.4.0
7fcc1dd8b000-7fcc1df8a000 ---p 00011000 08:17 13246517                   /usr/lib/x86_64-linux-gnu/libXext.so.6.4.0
7fcc1df8a000-7fcc1df8b000 r--p 00010000 08:17 13246517                   /usr/lib/x86_64-linux-gnu/libXext.so.6.4.0
7fcc1df8b000-7fcc1df8c000 rw-p 00011000 08:17 13246517                   /usr/lib/x86_64-linux-gnu/libXext.so.6.4.0
7fcc1df8c000-7fcc1dfe0000 r-xp 00000000 08:17 935832                     /usr/lib/jvm/java-8-oracle/jre/lib/amd64/libawt_xawt.so
7fcc1dfe0000-7fcc1e1e0000 ---p 00054000 08:17 935832                     /usr/lib/jvm/java-8-oracle/jre/lib/amd64/libawt_xawt.so
7fcc1e1e0000-7fcc1e1e4000 rw-p 00054000 08:17 935832                     /usr/lib/jvm/java-8-oracle/jre/lib/amd64/libawt_xawt.so
7fcc1e1e4000-7fcc1e3e5000 rw-p 00000000 00:00 0 
7fcc1e3e5000-7fcc1e487000 r-xp 00000000 08:17 935823                     /usr/lib/jvm/java-8-oracle/jre/lib/amd64/libawt.so
7fcc1e487000-7fcc1e687000 ---p 000a2000 08:17 935823                     /usr/lib/jvm/java-8-oracle/jre/lib/amd64/libawt.so
7fcc1e687000-7fcc1e693000 rw-p 000a2000 08:17 935823                     /usr/lib/jvm/java-8-oracle/jre/lib/amd64/libawt.so
7fcc1e693000-7fcc1e8b7000 rw-p 00000000 00:00 0 
7fcc1e8b7000-7fcc1eab7000 rw-p 00000000 00:00 0 
7fcc1eab7000-7fcc1ecb7000 rw-p 00000000 00:00 0 
7fcc1ecb7000-7fcc1ed30000 r--s 010e2000 08:17 13635175                   /usr/lib/jvm/java-8-oracle/lib/tools.jar
7fcc1ed30000-7fcc1edf8000 r--s 01359000 08:17 13635188                   /usr/lib/jvm/java-8-oracle/src.zip
7fcc1edf8000-7fcc1eff8000 rw-p 00000000 00:00 0 
7fcc1eff8000-7fcc1f1f8000 rw-p 00000000 00:00 0 
7fcc1f1f8000-7fcc1f1fb000 ---p 00000000 00:00 0 
7fcc1f1fb000-7fcc1f2f9000 rw-p 00000000 00:00 0 
7fcc1f2f9000-7fcc1f2fc000 ---p 00000000 00:00 0 
7fcc1f2fc000-7fcc1f5fa000 rw-p 00000000 00:00 0 
7fcc1f5fa000-7fcc1f7fa000 rw-p 00000000 00:00 0 
7fcc1f7fa000-7fcc1f9fa000 rw-p 00000000 00:00 0 
7fcc1f9fa000-7fcc1f9fb000 ---p 00000000 00:00 0 
7fcc1f9fb000-7fcc1fafb000 rw-p 00000000 00:00 0                          [stack:16647]
7fcc1fafb000-7fcc1fafe000 ---p 00000000 00:00 0 
7fcc1fafe000-7fcc1fbfc000 rw-p 00000000 00:00 0                          [stack:16646]
7fcc1fbfc000-7fcc1fbff000 ---p 00000000 00:00 0 
7fcc1fbff000-7fcc1fcfd000 rw-p 00000000 00:00 0                          [stack:16645]
7fcc1fcfd000-7fcc1fd00000 ---p 00000000 00:00 0 
7fcc1fd00000-7fcc1fdfe000 rw-p 00000000 00:00 0                          [stack:16644]
7fcc1fdfe000-7fcc1fe01000 ---p 00000000 00:00 0 
7fcc1fe01000-7fcc1feff000 rw-p 00000000 00:00 0                          [stack:16643]
7fcc1feff000-7fcc1ff02000 ---p 00000000 00:00 0 
7fcc1ff02000-7fcc20000000 rw-p 00000000 00:00 0                          [stack:16642]
7fcc20000000-7fcc20021000 rw-p 00000000 00:00 0 
7fcc20021000-7fcc24000000 ---p 00000000 00:00 0 
7fcc24000000-7fcc24021000 rw-p 00000000 00:00 0 
7fcc24021000-7fcc28000000 ---p 00000000 00:00 0 
7fcc28000000-7fcc28021000 rw-p 00000000 00:00 0 
7fcc28021000-7fcc2c000000 ---p 00000000 00:00 0 
7fcc2c00d000-7fcc2c010000 rw-p 00000000 00:00 0 
7fcc2c010000-7fcc2c011000 r--s 00010000 08:17 935938                     /usr/lib/jvm/java-8-oracle/jre/lib/ext/zipfs.jar
7fcc2c011000-7fcc2c02b000 r--s 001d2000 08:17 935932                     /usr/lib/jvm/java-8-oracle/jre/lib/ext/nashorn.jar
7fcc2c02b000-7fcc2c031000 r--s 0003f000 08:17 935930                     /usr/lib/jvm/java-8-oracle/jre/lib/ext/sunjce_provider.jar
7fcc2c031000-7fcc2c032000 r--s 0000a000 08:17 935928                     /usr/lib/jvm/java-8-oracle/jre/lib/ext/jaccess.jar
7fcc2c032000-7fcc2c037000 r--s 00083000 08:17 935765                     /usr/lib/jvm/java-8-oracle/jre/lib/jfr.jar
7fcc2c037000-7fcc2c03d000 r--s 002f8000 08:17 935775                     /usr/lib/jvm/java-8-oracle/jre/lib/charsets.jar
7fcc2c03d000-7fcc2c041000 r--s 0003a000 08:17 935935                     /usr/lib/jvm/java-8-oracle/jre/lib/ext/sunpkcs11.jar
7fcc2c041000-7fcc2c05d000 r--s 00393000 08:17 935931                     /usr/lib/jvm/java-8-oracle/jre/lib/ext/cldrdata.jar
7fcc2c05d000-7fcc2c070000 r--s 00344000 08:17 935916                     /usr/lib/jvm/java-8-oracle/jre/lib/resources.jar
7fcc2c070000-7fcc2c071000 r--s 00009000 08:17 935937                     /usr/lib/jvm/java-8-oracle/jre/lib/ext/sunec.jar
7fcc2c071000-7fcc2c074000 r--s 0001a000 08:17 935777                     /usr/lib/jvm/java-8-oracle/jre/lib/jce.jar
7fcc2c074000-7fcc2c07e000 r--s 00116000 08:17 935933                     /usr/lib/jvm/java-8-oracle/jre/lib/ext/localedata.jar
7fcc2c07e000-7fcc2c085000 r--s 00048000 08:17 7342582                    /home/bodhi/.m2/repository/org/apache/httpcomponents/httpcore/4.4.1/httpcore-4.4.1.jar
7fcc2c085000-7fcc2c0c6000 r--s 00368000 08:17 7078886                    /home/bodhi/.m2/repository/org/clojure/clojure/1.7.0/clojure-1.7.0.jar
7fcc2c0c6000-7fcc2c0df000 r--s 00b60000 08:17 7602608                    /home/bodhi/.m2/repository/refactor-nrepl/refactor-nrepl/1.1.0/refactor-nrepl-1.1.0.jar
7fcc2c0df000-7fcc2c0e2000 ---p 00000000 00:00 0 
7fcc2c0e2000-7fcc30000000 rw-p 00000000 00:00 0                          [stack:16641]
7fcc30000000-7fcc30021000 rw-p 00000000 00:00 0 
7fcc30021000-7fcc34000000 ---p 00000000 00:00 0 
7fcc34000000-7fcc34021000 rw-p 00000000 00:00 0 
7fcc34021000-7fcc38000000 ---p 00000000 00:00 0 
7fcc38000000-7fcc38021000 rw-p 00000000 00:00 0 
7fcc38021000-7fcc3c000000 ---p 00000000 00:00 0 
7fcc3c000000-7fcc3c021000 rw-p 00000000 00:00 0 
7fcc3c021000-7fcc40000000 ---p 00000000 00:00 0 
7fcc40000000-7fcc40021000 rw-p 00000000 00:00 0 
7fcc40021000-7fcc44000000 ---p 00000000 00:00 0 
7fcc44000000-7fcc44021000 rw-p 00000000 00:00 0 
7fcc44021000-7fcc48000000 ---p 00000000 00:00 0 
7fcc48000000-7fcc48021000 rw-p 00000000 00:00 0 
7fcc48021000-7fcc4c000000 ---p 00000000 00:00 0 
7fcc4c000000-7fcc4c021000 rw-p 00000000 00:00 0 
7fcc4c021000-7fcc50000000 ---p 00000000 00:00 0 
7fcc50000000-7fcc50002000 r--s 00001000 08:17 935936                     /usr/lib/jvm/java-8-oracle/jre/lib/ext/dnsns.jar
7fcc50002000-7fcc50006000 r--s 00095000 08:17 936060                     /usr/lib/jvm/java-8-oracle/jre/lib/jsse.jar
7fcc50006000-7fcc50008000 r--s 00005000 08:17 7342597                    /home/bodhi/.m2/repository/enlive/enlive/1.1.6/enlive-1.1.6.jar
7fcc50008000-7fcc5000a000 r--s 00008000 08:17 7342600                    /home/bodhi/.m2/repository/clj-http/clj-http/2.0.0/clj-http-2.0.0.jar
7fcc5000a000-7fcc5000b000 r--s 00009000 08:17 7080821                    /home/bodhi/.m2/repository/org/clojure/tools.nrepl/0.2.7/tools.nrepl-0.2.7.jar
7fcc5000b000-7fcc5000d000 r--s 00002000 08:17 7342603                    /home/bodhi/.m2/repository/riddley/riddley/0.1.10/riddley-0.1.10.jar
7fcc5000d000-7fcc5000f000 r--s 0000e000 08:17 7342585                    /home/bodhi/.m2/repository/commons-logging/commons-logging/1.2/commons-logging-1.2.jar
7fcc5000f000-7fcc50011000 r--s 00004000 08:17 7342604                    /home/bodhi/.m2/repository/potemkin/potemkin/0.4.1/potemkin-0.4.1.jar
7fcc50011000-7fcc50012000 r--s 00002000 08:17 7342598                    /home/bodhi/.m2/repository/slingshot/slingshot/0.12.2/slingshot-0.12.2.jar
7fcc50012000-7fcc5040c000 r--p 00000000 08:17 13242725                   /usr/lib/locale/locale-archive
7fcc5040c000-7fcc5040f000 ---p 00000000 00:00 0 
7fcc5040f000-7fcc5050d000 rw-p 00000000 00:00 0                          [stack:16640]
7fcc5050d000-7fcc50510000 ---p 00000000 00:00 0 
7fcc50510000-7fcc5060e000 rw-p 00000000 00:00 0                          [stack:16639]
7fcc5060e000-7fcc5060f000 ---p 00000000 00:00 0 
7fcc5060f000-7fcc52381000 rw-p 00000000 00:00 0                          [stack:16638]
7fcc52381000-7fcc52559000 r--s 03d17000 08:17 935939                     /usr/lib/jvm/java-8-oracle/jre/lib/rt.jar
7fcc52559000-7fcc5313b000 rw-p 00000000 00:00 0 
7fcc5313b000-7fcc5313c000 ---p 00000000 00:00 0 
7fcc5313c000-7fcc5323c000 rw-p 00000000 00:00 0                          [stack:16637]
7fcc5323c000-7fcc5323d000 ---p 00000000 00:00 0 
7fcc5323d000-7fcc5333d000 rw-p 00000000 00:00 0                          [stack:16636]
7fcc5333d000-7fcc5333e000 ---p 00000000 00:00 0 
7fcc5333e000-7fcc5343e000 rw-p 00000000 00:00 0                          [stack:16635]
7fcc5343e000-7fcc5343f000 ---p 00000000 00:00 0 
7fcc5343f000-7fcc5353f000 rw-p 00000000 00:00 0                          [stack:16634]
7fcc5353f000-7fcc53540000 ---p 00000000 00:00 0 
7fcc53540000-7fcc53640000 rw-p 00000000 00:00 0                          [stack:16633]
7fcc53640000-7fcc53641000 ---p 00000000 00:00 0 
7fcc53641000-7fcc53741000 rw-p 00000000 00:00 0                          [stack:16632]
7fcc53741000-7fcc53742000 ---p 00000000 00:00 0 
7fcc53742000-7fcc53842000 rw-p 00000000 00:00 0                          [stack:16631]
7fcc53842000-7fcc53843000 ---p 00000000 00:00 0 
7fcc53843000-7fcc5398b000 rw-p 00000000 00:00 0                          [stack:16630]
7fcc5398b000-7fcc53bda000 ---p 00000000 00:00 0 
7fcc53bda000-7fcc53c22000 rw-p 00000000 00:00 0 
7fcc53c22000-7fcc53e70000 ---p 00000000 00:00 0 
7fcc53e70000-7fcc53fbc000 rw-p 00000000 00:00 0 
7fcc53fbc000-7fcc53fef000 rw-p 00000000 00:00 0 
7fcc53fef000-7fcc5437d000 ---p 00000000 00:00 0 
7fcc5437d000-7fcc54fed000 rwxp 00000000 00:00 0 
7fcc54fed000-7fcc6337d000 ---p 00000000 00:00 0 
7fcc6337d000-7fcc63397000 r-xp 00000000 08:17 935816                     /usr/lib/jvm/java-8-oracle/jre/lib/amd64/libzip.so
7fcc63397000-7fcc63597000 ---p 0001a000 08:17 935816                     /usr/lib/jvm/java-8-oracle/jre/lib/amd64/libzip.so
7fcc63597000-7fcc63598000 rw-p 0001a000 08:17 935816                     /usr/lib/jvm/java-8-oracle/jre/lib/amd64/libzip.so
7fcc63598000-7fcc635a3000 r-xp 00000000 08:17 13373533                   /lib/x86_64-linux-gnu/libnss_files-2.19.so
7fcc635a3000-7fcc637a2000 ---p 0000b000 08:17 13373533                   /lib/x86_64-linux-gnu/libnss_files-2.19.so
7fcc637a2000-7fcc637a3000 r--p 0000a000 08:17 13373533                   /lib/x86_64-linux-gnu/libnss_files-2.19.so
7fcc637a3000-7fcc637a4000 rw-p 0000b000 08:17 13373533                   /lib/x86_64-linux-gnu/libnss_files-2.19.so
7fcc637a4000-7fcc637af000 r-xp 00000000 08:17 13373543                   /lib/x86_64-linux-gnu/libnss_nis-2.19.so
7fcc637af000-7fcc639ae000 ---p 0000b000 08:17 13373543                   /lib/x86_64-linux-gnu/libnss_nis-2.19.so
7fcc639ae000-7fcc639af000 r--p 0000a000 08:17 13373543                   /lib/x86_64-linux-gnu/libnss_nis-2.19.so
7fcc639af000-7fcc639b0000 rw-p 0000b000 08:17 13373543                   /lib/x86_64-linux-gnu/libnss_nis-2.19.so
7fcc639b0000-7fcc639c7000 r-xp 00000000 08:17 13373527                   /lib/x86_64-linux-gnu/libnsl-2.19.so
7fcc639c7000-7fcc63bc6000 ---p 00017000 08:17 13373527                   /lib/x86_64-linux-gnu/libnsl-2.19.so
7fcc63bc6000-7fcc63bc7000 r--p 00016000 08:17 13373527                   /lib/x86_64-linux-gnu/libnsl-2.19.so
7fcc63bc7000-7fcc63bc8000 rw-p 00017000 08:17 13373527                   /lib/x86_64-linux-gnu/libnsl-2.19.so
7fcc63bc8000-7fcc63bca000 rw-p 00000000 00:00 0 
7fcc63bca000-7fcc63bd3000 r-xp 00000000 08:17 13373529                   /lib/x86_64-linux-gnu/libnss_compat-2.19.so
7fcc63bd3000-7fcc63dd2000 ---p 00009000 08:17 13373529                   /lib/x86_64-linux-gnu/libnss_compat-2.19.so
7fcc63dd2000-7fcc63dd3000 r--p 00008000 08:17 13373529                   /lib/x86_64-linux-gnu/libnss_compat-2.19.so
7fcc63dd3000-7fcc63dd4000 rw-p 00009000 08:17 13373529                   /lib/x86_64-linux-gnu/libnss_compat-2.19.so
7fcc63dd4000-7fcc63dfe000 r-xp 00000000 08:17 935870                     /usr/lib/jvm/java-8-oracle/jre/lib/amd64/libjava.so
7fcc63dfe000-7fcc63ffe000 ---p 0002a000 08:17 935870                     /usr/lib/jvm/java-8-oracle/jre/lib/amd64/libjava.so
7fcc63ffe000-7fcc64000000 rw-p 0002a000 08:17 935870                     /usr/lib/jvm/java-8-oracle/jre/lib/amd64/libjava.so
7fcc64000000-7fcc65ca5000 rw-p 00000000 00:00 0 
7fcc65ca5000-7fcc68000000 ---p 00000000 00:00 0 
7fcc68000000-7fcc68002000 r--s 00015000 08:17 7342583                    /home/bodhi/.m2/repository/org/ccil/cowan/tagsoup/tagsoup/1.2.1/tagsoup-1.2.1.jar
7fcc68002000-7fcc68008000 r--s 00042000 08:17 7342581                    /home/bodhi/.m2/repository/org/jsoup/jsoup/1.7.2/jsoup-1.7.2.jar
7fcc68008000-7fcc6807e000 rw-p 00000000 00:00 0 
7fcc6807e000-7fcc6808b000 r-xp 00000000 08:17 935815                     /usr/lib/jvm/java-8-oracle/jre/lib/amd64/libverify.so
7fcc6808b000-7fcc6828b000 ---p 0000d000 08:17 935815                     /usr/lib/jvm/java-8-oracle/jre/lib/amd64/libverify.so
7fcc6828b000-7fcc6828d000 rw-p 0000d000 08:17 935815                     /usr/lib/jvm/java-8-oracle/jre/lib/amd64/libverify.so
7fcc6828d000-7fcc68294000 r-xp 00000000 08:17 13373586                   /lib/x86_64-linux-gnu/librt-2.19.so
7fcc68294000-7fcc68493000 ---p 00007000 08:17 13373586                   /lib/x86_64-linux-gnu/librt-2.19.so
7fcc68493000-7fcc68494000 r--p 00006000 08:17 13373586                   /lib/x86_64-linux-gnu/librt-2.19.so
7fcc68494000-7fcc68495000 rw-p 00007000 08:17 13373586                   /lib/x86_64-linux-gnu/librt-2.19.so
7fcc68495000-7fcc6859a000 r-xp 00000000 08:17 13373508                   /lib/x86_64-linux-gnu/libm-2.19.so
7fcc6859a000-7fcc68799000 ---p 00105000 08:17 13373508                   /lib/x86_64-linux-gnu/libm-2.19.so
7fcc68799000-7fcc6879a000 r--p 00104000 08:17 13373508                   /lib/x86_64-linux-gnu/libm-2.19.so
7fcc6879a000-7fcc6879b000 rw-p 00105000 08:17 13373508                   /lib/x86_64-linux-gnu/libm-2.19.so
7fcc6879b000-7fcc69459000 r-xp 00000000 08:17 935849                     /usr/lib/jvm/java-8-oracle/jre/lib/amd64/server/libjvm.so
7fcc69459000-7fcc69658000 ---p 00cbe000 08:17 935849                     /usr/lib/jvm/java-8-oracle/jre/lib/amd64/server/libjvm.so
7fcc69658000-7fcc69730000 rw-p 00cbd000 08:17 935849                     /usr/lib/jvm/java-8-oracle/jre/lib/amd64/server/libjvm.so
7fcc69730000-7fcc69775000 rw-p 00000000 00:00 0 
7fcc69775000-7fcc69930000 r-xp 00000000 08:17 13373457                   /lib/x86_64-linux-gnu/libc-2.19.so
7fcc69930000-7fcc69b2f000 ---p 001bb000 08:17 13373457                   /lib/x86_64-linux-gnu/libc-2.19.so
7fcc69b2f000-7fcc69b33000 r--p 001ba000 08:17 13373457                   /lib/x86_64-linux-gnu/libc-2.19.so
7fcc69b33000-7fcc69b35000 rw-p 001be000 08:17 13373457                   /lib/x86_64-linux-gnu/libc-2.19.so
7fcc69b35000-7fcc69b3a000 rw-p 00000000 00:00 0 
7fcc69b3a000-7fcc69b3d000 r-xp 00000000 08:17 13373474                   /lib/x86_64-linux-gnu/libdl-2.19.so
7fcc69b3d000-7fcc69d3c000 ---p 00003000 08:17 13373474                   /lib/x86_64-linux-gnu/libdl-2.19.so
7fcc69d3c000-7fcc69d3d000 r--p 00002000 08:17 13373474                   /lib/x86_64-linux-gnu/libdl-2.19.so
7fcc69d3d000-7fcc69d3e000 rw-p 00003000 08:17 13373474                   /lib/x86_64-linux-gnu/libdl-2.19.so
7fcc69d3e000-7fcc69d53000 r-xp 00000000 08:17 935818                     /usr/lib/jvm/java-8-oracle/jre/lib/amd64/jli/libjli.so
7fcc69d53000-7fcc69f53000 ---p 00015000 08:17 935818                     /usr/lib/jvm/java-8-oracle/jre/lib/amd64/jli/libjli.so
7fcc69f53000-7fcc69f54000 rw-p 00015000 08:17 935818                     /usr/lib/jvm/java-8-oracle/jre/lib/amd64/jli/libjli.so
7fcc69f54000-7fcc69f6d000 r-xp 00000000 08:17 13373578                   /lib/x86_64-linux-gnu/libpthread-2.19.so
7fcc69f6d000-7fcc6a16c000 ---p 00019000 08:17 13373578                   /lib/x86_64-linux-gnu/libpthread-2.19.so
7fcc6a16c000-7fcc6a16d000 r--p 00018000 08:17 13373578                   /lib/x86_64-linux-gnu/libpthread-2.19.so
7fcc6a16d000-7fcc6a16e000 rw-p 00019000 08:17 13373578                   /lib/x86_64-linux-gnu/libpthread-2.19.so
7fcc6a16e000-7fcc6a172000 rw-p 00000000 00:00 0 
7fcc6a172000-7fcc6a195000 r-xp 00000000 08:17 13373435                   /lib/x86_64-linux-gnu/ld-2.19.so
7fcc6a195000-7fcc6a197000 r--s 00013000 08:17 7342601                    /home/bodhi/.m2/repository/clj-tuple/clj-tuple/0.2.2/clj-tuple-0.2.2.jar
7fcc6a197000-7fcc6a1a4000 r--s 000a5000 08:17 7342584                    /home/bodhi/.m2/repository/org/apache/httpcomponents/httpclient/4.5/httpclient-4.5.jar
7fcc6a1a4000-7fcc6a26f000 rw-p 00000000 00:00 0 
7fcc6a26f000-7fcc6a272000 ---p 00000000 00:00 0 
7fcc6a272000-7fcc6a374000 rw-p 00000000 00:00 0                          [stack:16629]
7fcc6a374000-7fcc6a375000 r--s 00009000 08:17 7342588                    /home/bodhi/.m2/repository/org/apache/httpcomponents/httpmime/4.5/httpmime-4.5.jar
7fcc6a375000-7fcc6a379000 r--s 0002a000 08:17 7342592                    /home/bodhi/.m2/repository/commons-io/commons-io/2.4/commons-io-2.4.jar
7fcc6a379000-7fcc6a380000 r--s 0003f000 08:17 7342590                    /home/bodhi/.m2/repository/commons-codec/commons-codec/1.10/commons-codec-1.10.jar
7fcc6a380000-7fcc6a385000 r--s 00028000 08:17 7080667                    /home/bodhi/.m2/repository/cider/cider-nrepl/0.9.1/cider-nrepl-0.9.1.jar
7fcc6a385000-7fcc6a387000 r--s 00000000 08:17 7078830                    /home/bodhi/.m2/repository/org/tcrawley/dynapath/0.2.3/dynapath-0.2.3.jar
7fcc6a387000-7fcc6a388000 r--s 00000000 08:17 7078889                    /home/bodhi/.m2/repository/clojure-complete/clojure-complete/0.2.3/clojure-complete-0.2.3.jar
7fcc6a388000-7fcc6a390000 rw-s 00000000 08:17 7995649                    /tmp/hsperfdata_bodhi/16624
7fcc6a390000-7fcc6a391000 rw-p 00000000 00:00 0 
7fcc6a391000-7fcc6a392000 r--p 00000000 00:00 0 
7fcc6a392000-7fcc6a394000 rw-p 00000000 00:00 0 
7fcc6a394000-7fcc6a395000 r--p 00022000 08:17 13373435                   /lib/x86_64-linux-gnu/ld-2.19.so
7fcc6a395000-7fcc6a396000 rw-p 00023000 08:17 13373435                   /lib/x86_64-linux-gnu/ld-2.19.so
7fcc6a396000-7fcc6a397000 rw-p 00000000 00:00 0 
7ffdbbd4f000-7ffdbbd71000 rw-p 00000000 00:00 0                          [stack]
7ffdbbdee000-7ffdbbdf0000 r-xp 00000000 00:00 0                          [vdso]
7ffdbbdf0000-7ffdbbdf2000 r--p 00000000 00:00 0                          [vvar]
ffffffffff600000-ffffffffff601000 r-xp 00000000 00:00 0                  [vsyscall]

VM Arguments:
jvm_args: -Dfile.encoding=UTF-8 -XX:+TieredCompilation -XX:TieredStopAtLevel=1 -XX:-OmitStackTraceInFastThrow -Dclojure.compile.path=/home/bodhi/Documents/Projects/sonarreport/target/base+system+user+dev/classes -Dsonar.version=0.1.0-SNAPSHOT -Dclojure.debug=false 
java_command: clojure.main -i /tmp/form-init2057151130269291962.clj
java_class_path (initial): /home/bodhi/Documents/Projects/sonarreport/test:/home/bodhi/Documents/Projects/sonarreport/src:/home/bodhi/Documents/Projects/sonarreport/dev-resources:/home/bodhi/Documents/Projects/sonarreport/resources:/home/bodhi/Documents/Projects/sonarreport/target/base+system+user+dev/classes:/home/bodhi/.m2/repository/clojure-complete/clojure-complete/0.2.3/clojure-complete-0.2.3.jar:/home/bodhi/.m2/repository/org/tcrawley/dynapath/0.2.3/dynapath-0.2.3.jar:/home/bodhi/.m2/repository/cider/cider-nrepl/0.9.1/cider-nrepl-0.9.1.jar:/home/bodhi/.m2/repository/commons-codec/commons-codec/1.10/commons-codec-1.10.jar:/home/bodhi/.m2/repository/org/apache/httpcomponents/httpclient/4.5/httpclient-4.5.jar:/home/bodhi/.m2/repository/commons-io/commons-io/2.4/commons-io-2.4.jar:/home/bodhi/.m2/repository/refactor-nrepl/refactor-nrepl/1.1.0/refactor-nrepl-1.1.0.jar:/home/bodhi/.m2/repository/org/apache/httpcomponents/httpmime/4.5/httpmime-4.5.jar:/home/bodhi/.m2/repository/org/jsoup/jsoup/1.7.2/jsoup-1.7.2.jar:/home/bodhi/.m2/repository/clj-tuple/clj-tuple/0.2.2/clj-tuple-0.2.2.jar:/home/bodhi/.m2/repository/org/ccil/cowan/tagsoup/tagsoup/1.2.1/tagsoup-1.2.1.jar:/home/bodhi/.m2/repository/slingshot/slingshot/0.12.2/slingshot-0.12.2.jar:/home/bodhi/.m2/repository/potemkin/potemkin/0.4.1/potemkin-0.4.1.jar:/home/bodhi/.m2/repository/org/clojure/clojure/1.7.0/clojure-1.7.0.jar:/home/bodhi/.m2/repository/commons-logging/commons-logging/1.2/commons-logging-1.2.jar:/home/bodhi/.m2/repository/riddley/riddley/0.1.10/riddley-0.1.10.jar:/home/bodhi/.m2/repository/org/clojure/tools.nrepl/0.2.7/tools.nrepl-0.2.7.jar:/home/bodhi/.m2/repository/clj-http/clj-http/2.0.0/clj-http-2.0.0.jar:/home/bodhi/.m2/repository/enlive/enlive/1.1.6/enlive-1.1.6.jar:/home/bodhi/.m2/repository/org/apache/httpcomponents/httpcore/4.4.1/httpcore-4.4.1.jar
Launcher Type: SUN_STANDARD

Environment Variables:
CLASSPATH=/home/bodhi/.lein/self-installs/leiningen-2.5.2-standalone.jar
PATH=/usr/bin:/home/bodhi/bin:/usr/local/sbin:/usr/local/bin:/usr/sbin:/usr/bin:/sbin:/bin:/usr/games:/usr/local/games
SHELL=/usr/bin/zsh
DISPLAY=:0.0

Signal Handlers:
SIGSEGV: [libjvm.so+0xaba070], sa_mask[0]=11111111011111111101111111111110, sa_flags=SA_RESTART|SA_SIGINFO
SIGBUS: [libjvm.so+0xaba070], sa_mask[0]=11111111011111111101111111111110, sa_flags=SA_RESTART|SA_SIGINFO
SIGFPE: [libjvm.so+0x917630], sa_mask[0]=11111111011111111101111111111110, sa_flags=SA_RESTART|SA_SIGINFO
SIGPIPE: [libjvm.so+0x917630], sa_mask[0]=11111111011111111101111111111110, sa_flags=SA_RESTART|SA_SIGINFO
SIGXFSZ: [libjvm.so+0x917630], sa_mask[0]=11111111011111111101111111111110, sa_flags=SA_RESTART|SA_SIGINFO
SIGILL: [libjvm.so+0x917630], sa_mask[0]=11111111011111111101111111111110, sa_flags=SA_RESTART|SA_SIGINFO
SIGUSR1: SIG_DFL, sa_mask[0]=00000000000000000000000000000000, sa_flags=none
SIGUSR2: [libjvm.so+0x918c60], sa_mask[0]=00100000000000000000000000000000, sa_flags=SA_RESTART|SA_SIGINFO
SIGHUP: [libjvm.so+0x91a060], sa_mask[0]=11111111011111111101111111111110, sa_flags=SA_RESTART|SA_SIGINFO
SIGINT: [libjvm.so+0x91a060], sa_mask[0]=11111111011111111101111111111110, sa_flags=SA_RESTART|SA_SIGINFO
SIGTERM: [libjvm.so+0x91a060], sa_mask[0]=11111111011111111101111111111110, sa_flags=SA_RESTART|SA_SIGINFO
SIGQUIT: [libjvm.so+0x91a060], sa_mask[0]=11111111011111111101111111111110, sa_flags=SA_RESTART|SA_SIGINFO


---------------  S Y S T E M  ---------------

OS:DISTRIB_ID=Ubuntu
DISTRIB_RELEASE=14.04
DISTRIB_CODENAME=trusty
DISTRIB_DESCRIPTION="Ubuntu 14.04.3 LTS"

uname:Linux 3.16.0-45-generic #60~14.04.1-Ubuntu SMP Fri Jul 24 21:16:23 UTC 2015 x86_64
libc:glibc 2.19 NPTL 2.19 
rlimit: STACK 8515k, CORE 0k, NPROC 31684, NOFILE 4096, AS infinity
load average:1,15 0,69 0,44

/proc/meminfo:
MemTotal:        8140896 kB
MemFree:         3162548 kB
MemAvailable:    3805564 kB
Buffers:           38020 kB
Cached:           852884 kB
SwapCached:        70796 kB
Active:          2935612 kB
Inactive:        1729272 kB
Active(anon):    2617228 kB
Inactive(anon):  1269700 kB
Active(file):     318384 kB
Inactive(file):   459572 kB
Unevictable:           0 kB
Mlocked:               0 kB
SwapTotal:       4880380 kB
SwapFree:        3882460 kB
Dirty:                76 kB
Writeback:             0 kB
AnonPages:       3721592 kB
Mapped:           284032 kB
Shmem:            112848 kB
Slab:             111412 kB
SReclaimable:      68008 kB
SUnreclaim:        43404 kB
KernelStack:       13712 kB
PageTables:        57712 kB
NFS_Unstable:          0 kB
Bounce:                0 kB
WritebackTmp:          0 kB
CommitLimit:     8950828 kB
Committed_AS:   11799396 kB
VmallocTotal:   34359738367 kB
VmallocUsed:      119988 kB
VmallocChunk:   34359614460 kB
HardwareCorrupted:     0 kB
AnonHugePages:   2496512 kB
HugePages_Total:       0
HugePages_Free:        0
HugePages_Rsvd:        0
HugePages_Surp:        0
Hugepagesize:       2048 kB
DirectMap4k:      356800 kB
DirectMap2M:     7997440 kB


CPU:total 8 (4 cores per cpu, 2 threads per core) family 6 model 30 stepping 5, cmov, cx8, fxsr, mmx, sse, sse2, sse3, ssse3, sse4.1, sse4.2, popcnt, ht, tsc, tscinvbit

/proc/cpuinfo:
processor	: 0
vendor_id	: GenuineIntel
cpu family	: 6
model		: 30
model name	: Intel(R) Core(TM) i7 CPU         870  @ 2.93GHz
stepping	: 5
microcode	: 0x4
cpu MHz		: 1200.000
cache size	: 8192 KB
physical id	: 0
siblings	: 8
core id		: 0
cpu cores	: 4
apicid		: 0
initial apicid	: 0
fpu		: yes
fpu_exception	: yes
cpuid level	: 11
wp		: yes
flags		: fpu vme de pse tsc msr pae mce cx8 apic sep mtrr pge mca cmov pat pse36 clflush dts acpi mmx fxsr sse sse2 ss ht tm pbe syscall nx rdtscp lm constant_tsc arch_perfmon pebs bts rep_good nopl xtopology nonstop_tsc aperfmperf pni dtes64 monitor ds_cpl vmx smx est tm2 ssse3 cx16 xtpr pdcm sse4_1 sse4_2 popcnt lahf_lm ida dtherm tpr_shadow vnmi flexpriority ept vpid
bogomips	: 5887.74
clflush size	: 64
cache_alignment	: 64
address sizes	: 36 bits physical, 48 bits virtual
power management:

processor	: 1
vendor_id	: GenuineIntel
cpu family	: 6
model		: 30
model name	: Intel(R) Core(TM) i7 CPU         870  @ 2.93GHz
stepping	: 5
microcode	: 0x4
cpu MHz		: 1200.000
cache size	: 8192 KB
physical id	: 0
siblings	: 8
core id		: 1
cpu cores	: 4
apicid		: 2
initial apicid	: 2
fpu		: yes
fpu_exception	: yes
cpuid level	: 11
wp		: yes
flags		: fpu vme de pse tsc msr pae mce cx8 apic sep mtrr pge mca cmov pat pse36 clflush dts acpi mmx fxsr sse sse2 ss ht tm pbe syscall nx rdtscp lm constant_tsc arch_perfmon pebs bts rep_good nopl xtopology nonstop_tsc aperfmperf pni dtes64 monitor ds_cpl vmx smx est tm2 ssse3 cx16 xtpr pdcm sse4_1 sse4_2 popcnt lahf_lm ida dtherm tpr_shadow vnmi flexpriority ept vpid
bogomips	: 5887.74
clflush size	: 64
cache_alignment	: 64
address sizes	: 36 bits physical, 48 bits virtual
power management:

processor	: 2
vendor_id	: GenuineIntel
cpu family	: 6
model		: 30
model name	: Intel(R) Core(TM) i7 CPU         870  @ 2.93GHz
stepping	: 5
microcode	: 0x4
cpu MHz		: 1200.000
cache size	: 8192 KB
physical id	: 0
siblings	: 8
core id		: 2
cpu cores	: 4
apicid		: 4
initial apicid	: 4
fpu		: yes
fpu_exception	: yes
cpuid level	: 11
wp		: yes
flags		: fpu vme de pse tsc msr pae mce cx8 apic sep mtrr pge mca cmov pat pse36 clflush dts acpi mmx fxsr sse sse2 ss ht tm pbe syscall nx rdtscp lm constant_tsc arch_perfmon pebs bts rep_good nopl xtopology nonstop_tsc aperfmperf pni dtes64 monitor ds_cpl vmx smx est tm2 ssse3 cx16 xtpr pdcm sse4_1 sse4_2 popcnt lahf_lm ida dtherm tpr_shadow vnmi flexpriority ept vpid
bogomips	: 5887.74
clflush size	: 64
cache_alignment	: 64
address sizes	: 36 bits physical, 48 bits virtual
power management:

processor	: 3
vendor_id	: GenuineIntel
cpu family	: 6
model		: 30
model name	: Intel(R) Core(TM) i7 CPU         870  @ 2.93GHz
stepping	: 5
microcode	: 0x4
cpu MHz		: 1200.000
cache size	: 8192 KB
physical id	: 0
siblings	: 8
core id		: 3
cpu cores	: 4
apicid		: 6
initial apicid	: 6
fpu		: yes
fpu_exception	: yes
cpuid level	: 11
wp		: yes
flags		: fpu vme de pse tsc msr pae mce cx8 apic sep mtrr pge mca cmov pat pse36 clflush dts acpi mmx fxsr sse sse2 ss ht tm pbe syscall nx rdtscp lm constant_tsc arch_perfmon pebs bts rep_good nopl xtopology nonstop_tsc aperfmperf pni dtes64 monitor ds_cpl vmx smx est tm2 ssse3 cx16 xtpr pdcm sse4_1 sse4_2 popcnt lahf_lm ida dtherm tpr_shadow vnmi flexpriority ept vpid
bogomips	: 5887.74
clflush size	: 64
cache_alignment	: 64
address sizes	: 36 bits physical, 48 bits virtual
power management:

processor	: 4
vendor_id	: GenuineIntel
cpu family	: 6
model		: 30
model name	: Intel(R) Core(TM) i7 CPU         870  @ 2.93GHz
stepping	: 5
microcode	: 0x4
cpu MHz		: 1200.000
cache size	: 8192 KB
physical id	: 0
siblings	: 8
core id		: 0
cpu cores	: 4
apicid		: 1
initial apicid	: 1
fpu		: yes
fpu_exception	: yes
cpuid level	: 11
wp		: yes
flags		: fpu vme de pse tsc msr pae mce cx8 apic sep mtrr pge mca cmov pat pse36 clflush dts acpi mmx fxsr sse sse2 ss ht tm pbe syscall nx rdtscp lm constant_tsc arch_perfmon pebs bts rep_good nopl xtopology nonstop_tsc aperfmperf pni dtes64 monitor ds_cpl vmx smx est tm2 ssse3 cx16 xtpr pdcm sse4_1 sse4_2 popcnt lahf_lm ida dtherm tpr_shadow vnmi flexpriority ept vpid
bogomips	: 5887.74
clflush size	: 64
cache_alignment	: 64
address sizes	: 36 bits physical, 48 bits virtual
power management:

processor	: 5
vendor_id	: GenuineIntel
cpu family	: 6
model		: 30
model name	: Intel(R) Core(TM) i7 CPU         870  @ 2.93GHz
stepping	: 5
microcode	: 0x4
cpu MHz		: 1200.000
cache size	: 8192 KB
physical id	: 0
siblings	: 8
core id		: 1
cpu cores	: 4
apicid		: 3
initial apicid	: 3
fpu		: yes
fpu_exception	: yes
cpuid level	: 11
wp		: yes
flags		: fpu vme de pse tsc msr pae mce cx8 apic sep mtrr pge mca cmov pat pse36 clflush dts acpi mmx fxsr sse sse2 ss ht tm pbe syscall nx rdtscp lm constant_tsc arch_perfmon pebs bts rep_good nopl xtopology nonstop_tsc aperfmperf pni dtes64 monitor ds_cpl vmx smx est tm2 ssse3 cx16 xtpr pdcm sse4_1 sse4_2 popcnt lahf_lm ida dtherm tpr_shadow vnmi flexpriority ept vpid
bogomips	: 5887.74
clflush size	: 64
cache_alignment	: 64
address sizes	: 36 bits physical, 48 bits virtual
power management:

processor	: 6
vendor_id	: GenuineIntel
cpu family	: 6
model		: 30
model name	: Intel(R) Core(TM) i7 CPU         870  @ 2.93GHz
stepping	: 5
microcode	: 0x4
cpu MHz		: 1200.000
cache size	: 8192 KB
physical id	: 0
siblings	: 8
core id		: 2
cpu cores	: 4
apicid		: 5
initial apicid	: 5
fpu		: yes
fpu_exception	: yes
cpuid level	: 11
wp		: yes
flags		: fpu vme de pse tsc msr pae mce cx8 apic sep mtrr pge mca cmov pat pse36 clflush dts acpi mmx fxsr sse sse2 ss ht tm pbe syscall nx rdtscp lm constant_tsc arch_perfmon pebs bts rep_good nopl xtopology nonstop_tsc aperfmperf pni dtes64 monitor ds_cpl vmx smx est tm2 ssse3 cx16 xtpr pdcm sse4_1 sse4_2 popcnt lahf_lm ida dtherm tpr_shadow vnmi flexpriority ept vpid
bogomips	: 5887.74
clflush size	: 64
cache_alignment	: 64
address sizes	: 36 bits physical, 48 bits virtual
power management:

processor	: 7
vendor_id	: GenuineIntel
cpu family	: 6
model		: 30
model name	: Intel(R) Core(TM) i7 CPU         870  @ 2.93GHz
stepping	: 5
microcode	: 0x4
cpu MHz		: 2934.000
cache size	: 8192 KB
physical id	: 0
siblings	: 8
core id		: 3
cpu cores	: 4
apicid		: 7
initial apicid	: 7
fpu		: yes
fpu_exception	: yes
cpuid level	: 11
wp		: yes
flags		: fpu vme de pse tsc msr pae mce cx8 apic sep mtrr pge mca cmov pat pse36 clflush dts acpi mmx fxsr sse sse2 ss ht tm pbe syscall nx rdtscp lm constant_tsc arch_perfmon pebs bts rep_good nopl xtopology nonstop_tsc aperfmperf pni dtes64 monitor ds_cpl vmx smx est tm2 ssse3 cx16 xtpr pdcm sse4_1 sse4_2 popcnt lahf_lm ida dtherm tpr_shadow vnmi flexpriority ept vpid
bogomips	: 5887.74
clflush size	: 64
cache_alignment	: 64
address sizes	: 36 bits physical, 48 bits virtual
power management:



Memory: 4k page, physical 8140896k(3162548k free), swap 4880380k(3882460k free)

vm_info: Java HotSpot(TM) 64-Bit Server VM (25.60-b23) for linux-amd64 JRE (1.8.0_60-b27), built on Aug  4 2015 12:19:40 by "java_re" with gcc 4.3.0 20080428 (Red Hat 4.3.0-8)

time: Mon Sep 21 01:59:41 2015
elapsed time: 21954 seconds (0d 6h 5m 54s)

